<?xml version="1.0" encoding="UTF-8"?>
<!-- Generated by org.testng.reporters.JUnitReportReporter -->
<testsuite skipped="0" hostname="DESKTOP-FSD4QUF" name="TestScripts.Nexus_HomePageTest" tests="1" failures="0" timestamp="06 Jan 2018 23:50:07 GMT" time="68.986" errors="0">
  <testcase name="test1" time="68.986" classname="TestScripts.Nexus_HomePageTest"/>
</testsuite> <!-- TestScripts.Nexus_HomePageTest -->
